2022-01-31 19:18:53,994 [Worker-7: Loading available Gradle versions] INFO  o.e.b.c.i.u.g.PublishedGradleVersions - Gradle version information cache is out-of-date. Trying to update.
2022-01-31 20:41:17,405 [Worker-2: Loading available Gradle versions] INFO  o.e.b.c.i.u.g.PublishedGradleVersions - Gradle version information cache is up-to-date. Trying to read.
2022-02-01 18:33:03,468 [Worker-5: Loading available Gradle versions] INFO  o.e.b.c.i.u.g.PublishedGradleVersions - Gradle version information cache is up-to-date. Trying to read.
2022-02-01 18:36:43,126 [Worker-4: Creating project "QaFab22"] INFO  o.e.m.c.i.l.LifecycleMappingFactory - Using org.eclipse.m2e.jdt.JarLifecycleMapping lifecycle mapping for MavenProject: QaFab22:QaFab22:0.0.1-SNAPSHOT @ C:\Users\nasbe\eclipse-workspace\QaFab22\pom.xml.
2022-02-01 18:36:43,321 [Worker-4: Creating project "QaFab22"] INFO  o.e.m.j.i.AbstractJavaProjectConfigurator - Adding source folder /QaFab22/src/main/java
2022-02-01 18:36:43,323 [Worker-4: Creating project "QaFab22"] INFO  o.e.m.j.i.AbstractJavaProjectConfigurator - Adding resource folder /QaFab22/src/main/resources
2022-02-01 18:36:43,324 [Worker-4: Creating project "QaFab22"] INFO  o.e.m.j.i.AbstractJavaProjectConfigurator - Adding source folder /QaFab22/src/test/java
2022-02-01 18:36:43,324 [Worker-4: Creating project "QaFab22"] INFO  o.e.m.j.i.AbstractJavaProjectConfigurator - Adding resource folder /QaFab22/src/test/resources
2022-02-01 18:36:44,336 [Worker-19: Building] WARN  o.e.m.c.i.embedder.EclipseLogger - Using platform encoding (Cp1252 actually) to copy filtered resources, i.e. build is platform dependent!
2022-02-01 18:36:44,341 [Worker-19: Building] INFO  o.e.m.c.i.embedder.EclipseLogger - Copying 0 resource
2022-02-01 18:36:44,343 [Worker-19: Building] WARN  o.e.m.c.i.embedder.EclipseLogger - Using platform encoding (Cp1252 actually) to copy filtered resources, i.e. build is platform dependent!
2022-02-01 18:36:44,344 [Worker-19: Building] INFO  o.e.m.c.i.embedder.EclipseLogger - Copying 0 resource
2022-02-01 18:45:07,346 [Worker-24: Building] INFO  o.e.m.c.i.l.LifecycleMappingFactory - Using org.eclipse.m2e.jdt.JarLifecycleMapping lifecycle mapping for MavenProject: QaFab22:QaFab22:0.0.1-SNAPSHOT @ C:\Users\nasbe\eclipse-workspace\QaFab22\pom.xml.
2022-02-01 18:45:07,554 [Worker-24: Building] WARN  o.e.m.c.i.embedder.EclipseLogger - Using platform encoding (Cp1252 actually) to copy filtered resources, i.e. build is platform dependent!
2022-02-01 18:45:07,556 [Worker-24: Building] INFO  o.e.m.c.i.embedder.EclipseLogger - Copying 0 resource
2022-02-01 18:45:07,557 [Worker-24: Building] WARN  o.e.m.c.i.embedder.EclipseLogger - Using platform encoding (Cp1252 actually) to copy filtered resources, i.e. build is platform dependent!
2022-02-01 18:45:07,558 [Worker-24: Building] INFO  o.e.m.c.i.embedder.EclipseLogger - Copying 0 resource
2022-02-01 18:46:30,316 [Worker-28: Building] INFO  o.e.m.c.i.l.LifecycleMappingFactory - Using org.eclipse.m2e.jdt.JarLifecycleMapping lifecycle mapping for MavenProject: QaFab22:QaFab22:0.0.1-SNAPSHOT @ C:\Users\nasbe\eclipse-workspace\QaFab22\pom.xml.
2022-02-01 18:46:30,465 [Worker-28: Building] WARN  o.e.m.c.i.embedder.EclipseLogger - Using platform encoding (Cp1252 actually) to copy filtered resources, i.e. build is platform dependent!
2022-02-01 18:46:30,467 [Worker-28: Building] INFO  o.e.m.c.i.embedder.EclipseLogger - Copying 0 resource
2022-02-01 18:46:30,468 [Worker-28: Building] WARN  o.e.m.c.i.embedder.EclipseLogger - Using platform encoding (Cp1252 actually) to copy filtered resources, i.e. build is platform dependent!
2022-02-01 18:46:30,469 [Worker-28: Building] INFO  o.e.m.c.i.embedder.EclipseLogger - Copying 0 resource
2022-02-01 18:46:36,552 [Worker-27: Building] INFO  o.e.m.c.i.l.LifecycleMappingFactory - Using org.eclipse.m2e.jdt.JarLifecycleMapping lifecycle mapping for MavenProject: QaFab22:QaFab22:0.0.1-SNAPSHOT @ C:\Users\nasbe\eclipse-workspace\QaFab22\pom.xml.
2022-02-01 18:46:36,705 [Worker-27: Building] WARN  o.e.m.c.i.embedder.EclipseLogger - Using platform encoding (Cp1252 actually) to copy filtered resources, i.e. build is platform dependent!
2022-02-01 18:46:36,707 [Worker-27: Building] INFO  o.e.m.c.i.embedder.EclipseLogger - Copying 0 resource
2022-02-01 18:46:36,708 [Worker-27: Building] WARN  o.e.m.c.i.embedder.EclipseLogger - Using platform encoding (Cp1252 actually) to copy filtered resources, i.e. build is platform dependent!
2022-02-01 18:46:36,709 [Worker-27: Building] INFO  o.e.m.c.i.embedder.EclipseLogger - Copying 0 resource
2022-02-01 19:07:45,267 [Worker-33: Building] WARN  o.e.m.c.i.embedder.EclipseLogger - Using platform encoding (Cp1252 actually) to copy filtered resources, i.e. build is platform dependent!
2022-02-01 19:07:45,269 [Worker-33: Building] INFO  o.e.m.c.i.embedder.EclipseLogger - Copying 0 resource
2022-02-01 19:07:45,270 [Worker-33: Building] WARN  o.e.m.c.i.embedder.EclipseLogger - Using platform encoding (Cp1252 actually) to copy filtered resources, i.e. build is platform dependent!
2022-02-01 19:07:45,277 [Worker-33: Building] INFO  o.e.m.c.i.embedder.EclipseLogger - Copying 0 resource
2022-02-01 20:54:11,244 [Worker-3: Loading available Gradle versions] INFO  o.e.b.c.i.u.g.PublishedGradleVersions - Gradle version information cache is out-of-date. Trying to update.
2022-02-03 15:45:14,442 [Worker-2: Loading available Gradle versions] INFO  o.e.b.c.i.u.g.PublishedGradleVersions - Gradle version information cache is out-of-date. Trying to update.
2022-02-03 15:52:37,403 [Worker-23: Building] WARN  o.e.m.c.i.embedder.EclipseLogger - Using platform encoding (Cp1252 actually) to copy filtered resources, i.e. build is platform dependent!
2022-02-03 15:52:37,409 [Worker-23: Building] INFO  o.e.m.c.i.embedder.EclipseLogger - Copying 0 resource
2022-02-03 15:52:37,413 [Worker-23: Building] WARN  o.e.m.c.i.embedder.EclipseLogger - Using platform encoding (Cp1252 actually) to copy filtered resources, i.e. build is platform dependent!
2022-02-03 15:52:37,414 [Worker-23: Building] INFO  o.e.m.c.i.embedder.EclipseLogger - Copying 0 resource
2022-02-03 15:53:52,671 [Worker-24: Building] WARN  o.e.m.c.i.embedder.EclipseLogger - Using platform encoding (Cp1252 actually) to copy filtered resources, i.e. build is platform dependent!
2022-02-03 15:53:52,673 [Worker-24: Building] INFO  o.e.m.c.i.embedder.EclipseLogger - Copying 0 resource
2022-02-03 15:53:52,674 [Worker-24: Building] WARN  o.e.m.c.i.embedder.EclipseLogger - Using platform encoding (Cp1252 actually) to copy filtered resources, i.e. build is platform dependent!
2022-02-03 15:53:52,674 [Worker-24: Building] INFO  o.e.m.c.i.embedder.EclipseLogger - Copying 0 resource
2022-02-03 15:54:00,808 [Worker-24: Building] WARN  o.e.m.c.i.embedder.EclipseLogger - Using platform encoding (Cp1252 actually) to copy filtered resources, i.e. build is platform dependent!
2022-02-03 15:54:00,809 [Worker-24: Building] INFO  o.e.m.c.i.embedder.EclipseLogger - Copying 0 resource
2022-02-03 15:54:00,810 [Worker-24: Building] WARN  o.e.m.c.i.embedder.EclipseLogger - Using platform encoding (Cp1252 actually) to copy filtered resources, i.e. build is platform dependent!
2022-02-03 15:54:00,816 [Worker-24: Building] INFO  o.e.m.c.i.embedder.EclipseLogger - Copying 0 resource
2022-02-03 16:09:00,876 [Worker-29: Launching TestNgAnnotationsFeb3] WARN  o.e.m.c.i.embedder.EclipseLogger - Using platform encoding (Cp1252 actually) to copy filtered resources, i.e. build is platform dependent!
2022-02-03 16:09:00,878 [Worker-29: Launching TestNgAnnotationsFeb3] INFO  o.e.m.c.i.embedder.EclipseLogger - Copying 0 resource
2022-02-03 16:09:00,878 [Worker-29: Launching TestNgAnnotationsFeb3] WARN  o.e.m.c.i.embedder.EclipseLogger - Using platform encoding (Cp1252 actually) to copy filtered resources, i.e. build is platform dependent!
2022-02-03 16:09:00,880 [Worker-29: Launching TestNgAnnotationsFeb3] INFO  o.e.m.c.i.embedder.EclipseLogger - Copying 0 resource
2022-02-03 16:09:55,732 [Worker-29: Building] WARN  o.e.m.c.i.embedder.EclipseLogger - Using platform encoding (Cp1252 actually) to copy filtered resources, i.e. build is platform dependent!
2022-02-03 16:09:55,733 [Worker-29: Building] INFO  o.e.m.c.i.embedder.EclipseLogger - Copying 0 resource
2022-02-03 16:09:55,734 [Worker-29: Building] WARN  o.e.m.c.i.embedder.EclipseLogger - Using platform encoding (Cp1252 actually) to copy filtered resources, i.e. build is platform dependent!
2022-02-03 16:09:55,735 [Worker-29: Building] INFO  o.e.m.c.i.embedder.EclipseLogger - Copying 0 resource
2022-02-03 16:12:20,616 [Worker-30: Launching TestNgAnnotationsFeb3] WARN  o.e.m.c.i.embedder.EclipseLogger - Using platform encoding (Cp1252 actually) to copy filtered resources, i.e. build is platform dependent!
2022-02-03 16:12:20,618 [Worker-30: Launching TestNgAnnotationsFeb3] INFO  o.e.m.c.i.embedder.EclipseLogger - Copying 0 resource
2022-02-03 16:12:20,618 [Worker-30: Launching TestNgAnnotationsFeb3] WARN  o.e.m.c.i.embedder.EclipseLogger - Using platform encoding (Cp1252 actually) to copy filtered resources, i.e. build is platform dependent!
2022-02-03 16:12:20,620 [Worker-30: Launching TestNgAnnotationsFeb3] INFO  o.e.m.c.i.embedder.EclipseLogger - Copying 0 resource
2022-02-03 16:14:43,111 [Worker-36: Launching TestNgAnnotationsFeb3] WARN  o.e.m.c.i.embedder.EclipseLogger - Using platform encoding (Cp1252 actually) to copy filtered resources, i.e. build is platform dependent!
2022-02-03 16:14:43,112 [Worker-36: Launching TestNgAnnotationsFeb3] INFO  o.e.m.c.i.embedder.EclipseLogger - Copying 0 resource
2022-02-03 16:14:43,113 [Worker-36: Launching TestNgAnnotationsFeb3] WARN  o.e.m.c.i.embedder.EclipseLogger - Using platform encoding (Cp1252 actually) to copy filtered resources, i.e. build is platform dependent!
2022-02-03 16:14:43,114 [Worker-36: Launching TestNgAnnotationsFeb3] INFO  o.e.m.c.i.embedder.EclipseLogger - Copying 0 resource
